<?xml version="1.0" encoding="UTF-8"?>
<coverage generated="1550903982229" clover="3.2.0">
  <project timestamp="1550903982229" name="All files">
    <metrics statements="86" coveredstatements="75" conditionals="61" coveredconditionals="54" methods="41" coveredmethods="34" elements="188" coveredelements="163" complexity="0" loc="86" ncloc="86" packages="6" files="15" classes="15">
      <package name="actions">
        <metrics statements="9" coveredstatements="9" conditionals="6" coveredconditionals="6" methods="8" coveredmethods="8"/>
        <file name="expenses.js" path="C:\Users\GPenev\Desktop\Practice\JS\reactTest\expensify\src\actions\expenses.js">
          <metrics statements="4" coveredstatements="4" conditionals="5" coveredconditionals="5" methods="3" coveredmethods="3"/>
          <line num="5" count="2" type="stmt"/>
          <line num="12" count="2" type="stmt"/>
          <line num="24" count="2" type="stmt"/>
          <line num="30" count="2" type="stmt"/>
        </file>
        <file name="filters.js" path="C:\Users\GPenev\Desktop\Practice\JS\reactTest\expensify\src\actions\filters.js">
          <metrics statements="5" coveredstatements="5" conditionals="1" coveredconditionals="1" methods="5" coveredmethods="5"/>
          <line num="2" count="2" type="cond" truecount="1" falsecount="0"/>
          <line num="8" count="2" type="stmt"/>
          <line num="13" count="2" type="stmt"/>
          <line num="18" count="2" type="stmt"/>
          <line num="24" count="2" type="stmt"/>
        </file>
      </package>
      <package name="components">
        <metrics statements="43" coveredstatements="33" conditionals="26" coveredconditionals="22" methods="26" coveredmethods="19"/>
        <file name="AddExpensePage.js" path="C:\Users\GPenev\Desktop\Practice\JS\reactTest\expensify\src\components\AddExpensePage.js">
          <metrics statements="5" coveredstatements="4" conditionals="0" coveredconditionals="0" methods="4" coveredmethods="2"/>
          <line num="9" count="1" type="stmt"/>
          <line num="10" count="1" type="stmt"/>
          <line num="13" count="2" type="stmt"/>
          <line num="24" count="1" type="stmt"/>
          <line num="25" count="0" type="stmt"/>
        </file>
        <file name="ExpenseDashboardPage.js" path="C:\Users\GPenev\Desktop\Practice\JS\reactTest\expensify\src\components\ExpenseDashboardPage.js">
          <metrics statements="2" coveredstatements="2" conditionals="0" coveredconditionals="0" methods="1" coveredmethods="1"/>
          <line num="6" count="1" type="stmt"/>
          <line num="7" count="1" type="stmt"/>
        </file>
        <file name="ExpenseForm.js" path="C:\Users\GPenev\Desktop\Practice\JS\reactTest\expensify\src\components\ExpenseForm.js">
          <metrics statements="15" coveredstatements="15" conditionals="20" coveredconditionals="20" methods="11" coveredmethods="11"/>
          <line num="6" count="8" type="stmt"/>
          <line num="7" count="8" type="stmt"/>
          <line num="16" count="1" type="stmt"/>
          <line num="17" count="1" type="stmt"/>
          <line num="20" count="1" type="stmt"/>
          <line num="21" count="1" type="stmt"/>
          <line num="24" count="2" type="stmt"/>
          <line num="25" count="2" type="cond" truecount="4" falsecount="0"/>
          <line num="26" count="1" type="stmt"/>
          <line num="30" count="2" type="stmt"/>
          <line num="31" count="2" type="cond" truecount="4" falsecount="0"/>
          <line num="32" count="1" type="stmt"/>
          <line num="34" count="1" type="stmt"/>
          <line num="35" count="1" type="stmt"/>
          <line num="44" count="13" type="stmt"/>
        </file>
        <file name="ExpenseList.js" path="C:\Users\GPenev\Desktop\Practice\JS\reactTest\expensify\src\components\ExpenseList.js">
          <metrics statements="5" coveredstatements="4" conditionals="2" coveredconditionals="2" methods="3" coveredmethods="2"/>
          <line num="7" count="2" type="stmt"/>
          <line num="8" count="2" type="stmt"/>
          <line num="14" count="3" type="stmt"/>
          <line num="20" count="2" type="stmt"/>
          <line num="21" count="0" type="stmt"/>
        </file>
        <file name="ExpenseListFilters.js" path="C:\Users\GPenev\Desktop\Practice\JS\reactTest\expensify\src\components\ExpenseListFilters.js">
          <metrics statements="10" coveredstatements="2" conditionals="4" coveredconditionals="0" methods="4" coveredmethods="0"/>
          <line num="6" count="1" type="stmt"/>
          <line num="7" count="0" type="stmt"/>
          <line num="9" count="0" type="stmt"/>
          <line num="12" count="0" type="stmt"/>
          <line num="13" count="0" type="cond" truecount="0" falsecount="2"/>
          <line num="14" count="0" type="stmt"/>
          <line num="15" count="0" type="cond" truecount="0" falsecount="2"/>
          <line num="16" count="0" type="stmt"/>
          <line num="25" count="1" type="stmt"/>
          <line num="26" count="0" type="stmt"/>
        </file>
        <file name="ExpenseListItem.js" path="C:\Users\GPenev\Desktop\Practice\JS\reactTest\expensify\src\components\ExpenseListItem.js">
          <metrics statements="2" coveredstatements="2" conditionals="0" coveredconditionals="0" methods="1" coveredmethods="1"/>
          <line num="4" count="3" type="stmt"/>
          <line num="5" count="1" type="stmt"/>
        </file>
        <file name="Header.js" path="C:\Users\GPenev\Desktop\Practice\JS\reactTest\expensify\src\components\Header.js">
          <metrics statements="2" coveredstatements="2" conditionals="0" coveredconditionals="0" methods="1" coveredmethods="1"/>
          <line num="4" count="1" type="stmt"/>
          <line num="5" count="1" type="stmt"/>
        </file>
        <file name="NotFoundPage.js" path="C:\Users\GPenev\Desktop\Practice\JS\reactTest\expensify\src\components\NotFoundPage.js">
          <metrics statements="2" coveredstatements="2" conditionals="0" coveredconditionals="0" methods="1" coveredmethods="1"/>
          <line num="4" count="1" type="stmt"/>
          <line num="5" count="1" type="stmt"/>
        </file>
      </package>
      <package name="reducers">
        <metrics statements="21" coveredstatements="20" conditionals="14" coveredconditionals="14" methods="4" coveredmethods="4"/>
        <file name="expenses.js" path="C:\Users\GPenev\Desktop\Practice\JS\reactTest\expensify\src\reducers\expenses.js">
          <metrics statements="12" coveredstatements="11" conditionals="7" coveredconditionals="7" methods="3" coveredmethods="3"/>
          <line num="1" count="1" type="stmt"/>
          <line num="2" count="1" type="cond" truecount="1" falsecount="0"/>
          <line num="3" count="6" type="cond" truecount="4" falsecount="0"/>
          <line num="5" count="1" type="stmt"/>
          <line num="7" count="2" type="stmt"/>
          <line num="8" count="6" type="stmt"/>
          <line num="11" count="2" type="stmt"/>
          <line num="12" count="6" type="cond" truecount="2" falsecount="0"/>
          <line num="13" count="1" type="stmt"/>
          <line num="17" count="0" type="stmt"/>
          <line num="19" count="5" type="stmt"/>
          <line num="22" count="1" type="stmt"/>
        </file>
        <file name="filters.js" path="C:\Users\GPenev\Desktop\Practice\JS\reactTest\expensify\src\reducers\filters.js">
          <metrics statements="9" coveredstatements="9" conditionals="7" coveredconditionals="7" methods="1" coveredmethods="1"/>
          <line num="3" count="1" type="stmt"/>
          <line num="9" count="1" type="cond" truecount="1" falsecount="0"/>
          <line num="10" count="6" type="cond" truecount="6" falsecount="0"/>
          <line num="12" count="1" type="stmt"/>
          <line num="17" count="1" type="stmt"/>
          <line num="22" count="1" type="stmt"/>
          <line num="27" count="1" type="stmt"/>
          <line num="32" count="1" type="stmt"/>
          <line num="37" count="1" type="stmt"/>
        </file>
      </package>
      <package name="selectors">
        <metrics statements="11" coveredstatements="11" conditionals="15" coveredconditionals="12" methods="3" coveredmethods="3"/>
        <file name="expenses.js" path="C:\Users\GPenev\Desktop\Practice\JS\reactTest\expensify\src\selectors\expenses.js">
          <metrics statements="11" coveredstatements="11" conditionals="15" coveredconditionals="12" methods="3" coveredmethods="3"/>
          <line num="3" count="3" type="stmt"/>
          <line num="4" count="5" type="stmt"/>
          <line num="5" count="15" type="stmt"/>
          <line num="6" count="15" type="cond" truecount="2" falsecount="0"/>
          <line num="7" count="15" type="cond" truecount="2" falsecount="0"/>
          <line num="8" count="15" type="stmt"/>
          <line num="10" count="15" type="cond" truecount="3" falsecount="0"/>
          <line num="12" count="9" type="cond" truecount="2" falsecount="0"/>
          <line num="13" count="6" type="cond" truecount="1" falsecount="1"/>
          <line num="14" count="3" type="cond" truecount="1" falsecount="1"/>
          <line num="15" count="3" type="cond" truecount="1" falsecount="1"/>
        </file>
      </package>
      <package name="tests">
        <metrics statements="1" coveredstatements="1" conditionals="0" coveredconditionals="0" methods="0" coveredmethods="0"/>
        <file name="setupTests.js" path="C:\Users\GPenev\Desktop\Practice\JS\reactTest\expensify\src\tests\setupTests.js">
          <metrics statements="1" coveredstatements="1" conditionals="0" coveredconditionals="0" methods="0" coveredmethods="0"/>
          <line num="4" count="12" type="stmt"/>
        </file>
      </package>
      <package name="tests.fixtures">
        <metrics statements="1" coveredstatements="1" conditionals="0" coveredconditionals="0" methods="0" coveredmethods="0"/>
        <file name="expenses.js" path="C:\Users\GPenev\Desktop\Practice\JS\reactTest\expensify\src\tests\fixtures\expenses.js">
          <metrics statements="1" coveredstatements="1" conditionals="0" coveredconditionals="0" methods="0" coveredmethods="0"/>
          <line num="3" count="8" type="stmt"/>
        </file>
      </package>
    </metrics>
  </project>
</coverage>
