{"C:\\Users\\GPenev\\Desktop\\Practice\\JS\\reactTest\\expensify\\src\\actions\\expenses.js": {"path":"C:\\Users\\GPenev\\Desktop\\Practice\\JS\\reactTest\\expensify\\src\\actions\\expenses.js","statementMap":{"0":{"start":{"line":5,"column":26},"end":{"line":21,"column":2}},"1":{"start":{"line":12,"column":6},"end":{"line":21,"column":1}},"2":{"start":{"line":24,"column":29},"end":{"line":27,"column":2}},"3":{"start":{"line":24,"column":42},"end":{"line":27,"column":1}},"4":{"start":{"line":30,"column":27},"end":{"line":34,"column":2}},"5":{"start":{"line":30,"column":45},"end":{"line":34,"column":1}}},"fnMap":{"0":{"name":"(anonymous_0)","decl":{"start":{"line":5,"column":26},"end":{"line":5,"column":27}},"loc":{"start":{"line":12,"column":6},"end":{"line":21,"column":1}},"line":12},"1":{"name":"(anonymous_1)","decl":{"start":{"line":24,"column":29},"end":{"line":24,"column":30}},"loc":{"start":{"line":24,"column":42},"end":{"line":27,"column":1}},"line":24},"2":{"name":"(anonymous_2)","decl":{"start":{"line":30,"column":27},"end":{"line":30,"column":28}},"loc":{"start":{"line":30,"column":45},"end":{"line":34,"column":1}},"line":30}},"branchMap":{"0":{"loc":{"start":{"line":6,"column":2},"end":{"line":11,"column":8}},"type":"default-arg","locations":[{"start":{"line":11,"column":6},"end":{"line":11,"column":8}}],"line":6},"1":{"loc":{"start":{"line":7,"column":4},"end":{"line":7,"column":20}},"type":"default-arg","locations":[{"start":{"line":7,"column":18},"end":{"line":7,"column":20}}],"line":7},"2":{"loc":{"start":{"line":8,"column":4},"end":{"line":8,"column":13}},"type":"default-arg","locations":[{"start":{"line":8,"column":11},"end":{"line":8,"column":13}}],"line":8},"3":{"loc":{"start":{"line":9,"column":4},"end":{"line":9,"column":14}},"type":"default-arg","locations":[{"start":{"line":9,"column":13},"end":{"line":9,"column":14}}],"line":9},"4":{"loc":{"start":{"line":10,"column":4},"end":{"line":10,"column":33}},"type":"default-arg","locations":[{"start":{"line":10,"column":16},"end":{"line":10,"column":33}}],"line":10}},"s":{"0":2,"1":2,"2":2,"3":1,"4":2,"5":1},"f":{"0":2,"1":1,"2":1},"b":{"0":[1],"1":[1],"2":[1],"3":[1],"4":[1]},"_coverageSchema":"332fd63041d2c1bcb487cc26dd0d5f7d97098a6c","hash":"87dc862088c5415dc7a09cb5adfa3190ddfb8cae"}
,"C:\\Users\\GPenev\\Desktop\\Practice\\JS\\reactTest\\expensify\\src\\actions\\filters.js": {"path":"C:\\Users\\GPenev\\Desktop\\Practice\\JS\\reactTest\\expensify\\src\\actions\\filters.js","statementMap":{"0":{"start":{"line":2,"column":29},"end":{"line":5,"column":2}},"1":{"start":{"line":2,"column":45},"end":{"line":5,"column":1}},"2":{"start":{"line":8,"column":26},"end":{"line":10,"column":2}},"3":{"start":{"line":8,"column":33},"end":{"line":10,"column":1}},"4":{"start":{"line":13,"column":28},"end":{"line":15,"column":2}},"5":{"start":{"line":13,"column":35},"end":{"line":15,"column":1}},"6":{"start":{"line":18,"column":28},"end":{"line":21,"column":2}},"7":{"start":{"line":18,"column":44},"end":{"line":21,"column":1}},"8":{"start":{"line":24,"column":26},"end":{"line":27,"column":2}},"9":{"start":{"line":24,"column":40},"end":{"line":27,"column":1}}},"fnMap":{"0":{"name":"(anonymous_0)","decl":{"start":{"line":2,"column":29},"end":{"line":2,"column":30}},"loc":{"start":{"line":2,"column":45},"end":{"line":5,"column":1}},"line":2},"1":{"name":"(anonymous_1)","decl":{"start":{"line":8,"column":26},"end":{"line":8,"column":27}},"loc":{"start":{"line":8,"column":33},"end":{"line":10,"column":1}},"line":8},"2":{"name":"(anonymous_2)","decl":{"start":{"line":13,"column":28},"end":{"line":13,"column":29}},"loc":{"start":{"line":13,"column":35},"end":{"line":15,"column":1}},"line":13},"3":{"name":"(anonymous_3)","decl":{"start":{"line":18,"column":28},"end":{"line":18,"column":29}},"loc":{"start":{"line":18,"column":44},"end":{"line":21,"column":1}},"line":18},"4":{"name":"(anonymous_4)","decl":{"start":{"line":24,"column":26},"end":{"line":24,"column":27}},"loc":{"start":{"line":24,"column":40},"end":{"line":27,"column":1}},"line":24}},"branchMap":{"0":{"loc":{"start":{"line":2,"column":30},"end":{"line":2,"column":39}},"type":"default-arg","locations":[{"start":{"line":2,"column":37},"end":{"line":2,"column":39}}],"line":2}},"s":{"0":2,"1":2,"2":2,"3":1,"4":2,"5":1,"6":2,"7":1,"8":2,"9":1},"f":{"0":2,"1":1,"2":1,"3":1,"4":1},"b":{"0":[1]},"_coverageSchema":"332fd63041d2c1bcb487cc26dd0d5f7d97098a6c","hash":"acde089fb08698327aeacf20b9643e12b74fd988"}
,"C:\\Users\\GPenev\\Desktop\\Practice\\JS\\reactTest\\expensify\\src\\components\\AddExpensePage.js": {"path":"C:\\Users\\GPenev\\Desktop\\Practice\\JS\\reactTest\\expensify\\src\\components\\AddExpensePage.js","statementMap":{"0":{"start":{"line":9,"column":4},"end":{"line":9,"column":35}},"1":{"start":{"line":10,"column":4},"end":{"line":10,"column":33}},"2":{"start":{"line":13,"column":4},"end":{"line":20,"column":5}},"3":{"start":{"line":24,"column":27},"end":{"line":26,"column":2}},"4":{"start":{"line":24,"column":42},"end":{"line":26,"column":1}},"5":{"start":{"line":25,"column":27},"end":{"line":25,"column":56}}},"fnMap":{"0":{"name":"(anonymous_0)","decl":{"start":{"line":8,"column":13},"end":{"line":8,"column":14}},"loc":{"start":{"line":8,"column":26},"end":{"line":11,"column":3}},"line":8},"1":{"name":"(anonymous_1)","decl":{"start":{"line":12,"column":2},"end":{"line":12,"column":3}},"loc":{"start":{"line":12,"column":11},"end":{"line":21,"column":3}},"line":12},"2":{"name":"(anonymous_2)","decl":{"start":{"line":24,"column":27},"end":{"line":24,"column":28}},"loc":{"start":{"line":24,"column":42},"end":{"line":26,"column":1}},"line":24},"3":{"name":"(anonymous_3)","decl":{"start":{"line":25,"column":14},"end":{"line":25,"column":15}},"loc":{"start":{"line":25,"column":27},"end":{"line":25,"column":56}},"line":25}},"branchMap":{},"s":{"0":1,"1":1,"2":2,"3":1,"4":0,"5":0},"f":{"0":1,"1":2,"2":0,"3":0},"b":{},"_coverageSchema":"332fd63041d2c1bcb487cc26dd0d5f7d97098a6c","hash":"28cb7856703859fda9beb029267eaf9f7f7b5638"}
,"C:\\Users\\GPenev\\Desktop\\Practice\\JS\\reactTest\\expensify\\src\\components\\ExpenseDashboardPage.js": {"path":"C:\\Users\\GPenev\\Desktop\\Practice\\JS\\reactTest\\expensify\\src\\components\\ExpenseDashboardPage.js","statementMap":{"0":{"start":{"line":6,"column":29},"end":{"line":11,"column":1}},"1":{"start":{"line":7,"column":2},"end":{"line":10,"column":8}}},"fnMap":{"0":{"name":"(anonymous_0)","decl":{"start":{"line":6,"column":29},"end":{"line":6,"column":30}},"loc":{"start":{"line":7,"column":2},"end":{"line":10,"column":8}},"line":7}},"branchMap":{},"s":{"0":1,"1":1},"f":{"0":1},"b":{},"_coverageSchema":"332fd63041d2c1bcb487cc26dd0d5f7d97098a6c","hash":"0c8d91cd747fcf1e45f19250d5440a218ad5b84f"}
,"C:\\Users\\GPenev\\Desktop\\Practice\\JS\\reactTest\\expensify\\src\\components\\ExpenseForm.js": {"path":"C:\\Users\\GPenev\\Desktop\\Practice\\JS\\reactTest\\expensify\\src\\components\\ExpenseForm.js","statementMap":{"0":{"start":{"line":6,"column":4},"end":{"line":6,"column":17}},"1":{"start":{"line":7,"column":4},"end":{"line":13,"column":6}},"2":{"start":{"line":16,"column":24},"end":{"line":16,"column":42}},"3":{"start":{"line":17,"column":4},"end":{"line":17,"column":43}},"4":{"start":{"line":17,"column":25},"end":{"line":17,"column":40}},"5":{"start":{"line":20,"column":17},"end":{"line":20,"column":35}},"6":{"start":{"line":21,"column":4},"end":{"line":21,"column":36}},"7":{"start":{"line":21,"column":25},"end":{"line":21,"column":33}},"8":{"start":{"line":24,"column":19},"end":{"line":24,"column":37}},"9":{"start":{"line":25,"column":4},"end":{"line":27,"column":5}},"10":{"start":{"line":26,"column":6},"end":{"line":26,"column":40}},"11":{"start":{"line":26,"column":27},"end":{"line":26,"column":37}},"12":{"start":{"line":30,"column":4},"end":{"line":30,"column":27}},"13":{"start":{"line":31,"column":4},"end":{"line":41,"column":5}},"14":{"start":{"line":32,"column":6},"end":{"line":32,"column":80}},"15":{"start":{"line":32,"column":27},"end":{"line":32,"column":77}},"16":{"start":{"line":34,"column":6},"end":{"line":34,"column":42}},"17":{"start":{"line":34,"column":27},"end":{"line":34,"column":39}},"18":{"start":{"line":35,"column":6},"end":{"line":40,"column":9}},"19":{"start":{"line":44,"column":4},"end":{"line":74,"column":5}}},"fnMap":{"0":{"name":"(anonymous_0)","decl":{"start":{"line":5,"column":2},"end":{"line":5,"column":3}},"loc":{"start":{"line":5,"column":21},"end":{"line":14,"column":3}},"line":5},"1":{"name":"(anonymous_1)","decl":{"start":{"line":15,"column":24},"end":{"line":15,"column":25}},"loc":{"start":{"line":15,"column":33},"end":{"line":18,"column":3}},"line":15},"2":{"name":"(anonymous_2)","decl":{"start":{"line":17,"column":18},"end":{"line":17,"column":19}},"loc":{"start":{"line":17,"column":25},"end":{"line":17,"column":40}},"line":17},"3":{"name":"(anonymous_3)","decl":{"start":{"line":19,"column":17},"end":{"line":19,"column":18}},"loc":{"start":{"line":19,"column":26},"end":{"line":22,"column":3}},"line":19},"4":{"name":"(anonymous_4)","decl":{"start":{"line":21,"column":18},"end":{"line":21,"column":19}},"loc":{"start":{"line":21,"column":25},"end":{"line":21,"column":33}},"line":21},"5":{"name":"(anonymous_5)","decl":{"start":{"line":23,"column":19},"end":{"line":23,"column":20}},"loc":{"start":{"line":23,"column":28},"end":{"line":28,"column":3}},"line":23},"6":{"name":"(anonymous_6)","decl":{"start":{"line":26,"column":20},"end":{"line":26,"column":21}},"loc":{"start":{"line":26,"column":27},"end":{"line":26,"column":37}},"line":26},"7":{"name":"(anonymous_7)","decl":{"start":{"line":29,"column":13},"end":{"line":29,"column":14}},"loc":{"start":{"line":29,"column":22},"end":{"line":42,"column":3}},"line":29},"8":{"name":"(anonymous_8)","decl":{"start":{"line":32,"column":20},"end":{"line":32,"column":21}},"loc":{"start":{"line":32,"column":27},"end":{"line":32,"column":77}},"line":32},"9":{"name":"(anonymous_9)","decl":{"start":{"line":34,"column":20},"end":{"line":34,"column":21}},"loc":{"start":{"line":34,"column":27},"end":{"line":34,"column":39}},"line":34},"10":{"name":"(anonymous_10)","decl":{"start":{"line":43,"column":2},"end":{"line":43,"column":3}},"loc":{"start":{"line":43,"column":11},"end":{"line":75,"column":3}},"line":43}},"branchMap":{"0":{"loc":{"start":{"line":8,"column":19},"end":{"line":8,"column":65}},"type":"cond-expr","locations":[{"start":{"line":8,"column":35},"end":{"line":8,"column":60}},{"start":{"line":8,"column":63},"end":{"line":8,"column":65}}],"line":8},"1":{"loc":{"start":{"line":9,"column":12},"end":{"line":9,"column":51}},"type":"cond-expr","locations":[{"start":{"line":9,"column":28},"end":{"line":9,"column":46}},{"start":{"line":9,"column":49},"end":{"line":9,"column":51}}],"line":9},"2":{"loc":{"start":{"line":10,"column":17},"end":{"line":10,"column":67}},"type":"cond-expr","locations":[{"start":{"line":10,"column":33},"end":{"line":10,"column":56}},{"start":{"line":10,"column":59},"end":{"line":10,"column":67}}],"line":10},"3":{"loc":{"start":{"line":11,"column":14},"end":{"line":11,"column":74}},"type":"cond-expr","locations":[{"start":{"line":11,"column":30},"end":{"line":11,"column":69}},{"start":{"line":11,"column":72},"end":{"line":11,"column":74}}],"line":11},"4":{"loc":{"start":{"line":25,"column":4},"end":{"line":27,"column":5}},"type":"if","locations":[{"start":{"line":25,"column":4},"end":{"line":27,"column":5}},{"start":{"line":25,"column":4},"end":{"line":27,"column":5}}],"line":25},"5":{"loc":{"start":{"line":25,"column":8},"end":{"line":25,"column":55}},"type":"binary-expr","locations":[{"start":{"line":25,"column":8},"end":{"line":25,"column":15}},{"start":{"line":25,"column":19},"end":{"line":25,"column":55}}],"line":25},"6":{"loc":{"start":{"line":31,"column":4},"end":{"line":41,"column":5}},"type":"if","locations":[{"start":{"line":31,"column":4},"end":{"line":41,"column":5}},{"start":{"line":31,"column":4},"end":{"line":41,"column":5}}],"line":31},"7":{"loc":{"start":{"line":31,"column":8},"end":{"line":31,"column":58}},"type":"binary-expr","locations":[{"start":{"line":31,"column":8},"end":{"line":31,"column":31}},{"start":{"line":31,"column":35},"end":{"line":31,"column":58}}],"line":31},"8":{"loc":{"start":{"line":46,"column":9},"end":{"line":46,"column":54}},"type":"binary-expr","locations":[{"start":{"line":46,"column":9},"end":{"line":46,"column":25}},{"start":{"line":46,"column":29},"end":{"line":46,"column":54}}],"line":46},"9":{"loc":{"start":{"line":67,"column":12},"end":{"line":71,"column":11}},"type":"cond-expr","locations":[{"start":{"line":68,"column":12},"end":{"line":68,"column":41}},{"start":{"line":70,"column":12},"end":{"line":70,"column":40}}],"line":67}},"s":{"0":8,"1":8,"2":1,"3":1,"4":1,"5":1,"6":1,"7":1,"8":2,"9":2,"10":1,"11":1,"12":2,"13":2,"14":1,"15":1,"16":1,"17":1,"18":1,"19":13},"f":{"0":8,"1":1,"2":1,"3":1,"4":1,"5":2,"6":1,"7":2,"8":1,"9":1,"10":13},"b":{"0":[2,6],"1":[2,6],"2":[2,6],"3":[2,6],"4":[1,1],"5":[2,2],"6":[1,1],"7":[2,1],"8":[13,1],"9":[3,10]},"_coverageSchema":"332fd63041d2c1bcb487cc26dd0d5f7d97098a6c","hash":"146913d366d94fdb16d577f42fd7427ea6fba149"}
,"C:\\Users\\GPenev\\Desktop\\Practice\\JS\\reactTest\\expensify\\src\\components\\ExpenseList.js": {"path":"C:\\Users\\GPenev\\Desktop\\Practice\\JS\\reactTest\\expensify\\src\\components\\ExpenseList.js","statementMap":{"0":{"start":{"line":7,"column":27},"end":{"line":18,"column":1}},"1":{"start":{"line":8,"column":2},"end":{"line":17,"column":8}},"2":{"start":{"line":14,"column":38},"end":{"line":14,"column":87}},"3":{"start":{"line":20,"column":24},"end":{"line":24,"column":1}},"4":{"start":{"line":21,"column":2},"end":{"line":23,"column":4}}},"fnMap":{"0":{"name":"(anonymous_0)","decl":{"start":{"line":7,"column":27},"end":{"line":7,"column":28}},"loc":{"start":{"line":8,"column":2},"end":{"line":17,"column":8}},"line":8},"1":{"name":"(anonymous_1)","decl":{"start":{"line":14,"column":27},"end":{"line":14,"column":28}},"loc":{"start":{"line":14,"column":38},"end":{"line":14,"column":87}},"line":14},"2":{"name":"(anonymous_2)","decl":{"start":{"line":20,"column":24},"end":{"line":20,"column":25}},"loc":{"start":{"line":20,"column":33},"end":{"line":24,"column":1}},"line":20}},"branchMap":{"0":{"loc":{"start":{"line":11,"column":6},"end":{"line":15,"column":7}},"type":"cond-expr","locations":[{"start":{"line":12,"column":8},"end":{"line":12,"column":26}},{"start":{"line":14,"column":8},"end":{"line":14,"column":88}}],"line":11}},"s":{"0":2,"1":2,"2":3,"3":2,"4":0},"f":{"0":2,"1":3,"2":0},"b":{"0":[1,1]},"_coverageSchema":"332fd63041d2c1bcb487cc26dd0d5f7d97098a6c","hash":"0f0b9c6a95124e96af6c928ab3ee56cb21f6fc98"}
,"C:\\Users\\GPenev\\Desktop\\Practice\\JS\\reactTest\\expensify\\src\\components\\ExpenseListFilters.js": {"path":"C:\\Users\\GPenev\\Desktop\\Practice\\JS\\reactTest\\expensify\\src\\components\\ExpenseListFilters.js","statementMap":{"0":{"start":{"line":6,"column":27},"end":{"line":23,"column":1}},"1":{"start":{"line":7,"column":2},"end":{"line":22,"column":8}},"2":{"start":{"line":9,"column":6},"end":{"line":9,"column":50}},"3":{"start":{"line":12,"column":28},"end":{"line":12,"column":46}},"4":{"start":{"line":13,"column":6},"end":{"line":17,"column":7}},"5":{"start":{"line":14,"column":8},"end":{"line":14,"column":31}},"6":{"start":{"line":15,"column":13},"end":{"line":17,"column":7}},"7":{"start":{"line":16,"column":8},"end":{"line":16,"column":33}},"8":{"start":{"line":25,"column":24},"end":{"line":29,"column":1}},"9":{"start":{"line":26,"column":2},"end":{"line":28,"column":4}}},"fnMap":{"0":{"name":"(anonymous_0)","decl":{"start":{"line":6,"column":27},"end":{"line":6,"column":28}},"loc":{"start":{"line":7,"column":2},"end":{"line":22,"column":8}},"line":7},"1":{"name":"(anonymous_1)","decl":{"start":{"line":8,"column":54},"end":{"line":8,"column":55}},"loc":{"start":{"line":8,"column":63},"end":{"line":10,"column":5}},"line":8},"2":{"name":"(anonymous_2)","decl":{"start":{"line":11,"column":45},"end":{"line":11,"column":46}},"loc":{"start":{"line":11,"column":54},"end":{"line":18,"column":5}},"line":11},"3":{"name":"(anonymous_3)","decl":{"start":{"line":25,"column":24},"end":{"line":25,"column":25}},"loc":{"start":{"line":25,"column":33},"end":{"line":29,"column":1}},"line":25}},"branchMap":{"0":{"loc":{"start":{"line":13,"column":6},"end":{"line":17,"column":7}},"type":"if","locations":[{"start":{"line":13,"column":6},"end":{"line":17,"column":7}},{"start":{"line":13,"column":6},"end":{"line":17,"column":7}}],"line":13},"1":{"loc":{"start":{"line":15,"column":13},"end":{"line":17,"column":7}},"type":"if","locations":[{"start":{"line":15,"column":13},"end":{"line":17,"column":7}},{"start":{"line":15,"column":13},"end":{"line":17,"column":7}}],"line":15}},"s":{"0":1,"1":0,"2":0,"3":0,"4":0,"5":0,"6":0,"7":0,"8":1,"9":0},"f":{"0":0,"1":0,"2":0,"3":0},"b":{"0":[0,0],"1":[0,0]},"_coverageSchema":"332fd63041d2c1bcb487cc26dd0d5f7d97098a6c","hash":"dd517f3761ba2bc810cd3b5cde75dc9716fd6175"}
,"C:\\Users\\GPenev\\Desktop\\Practice\\JS\\reactTest\\expensify\\src\\components\\ExpenseListItem.js": {"path":"C:\\Users\\GPenev\\Desktop\\Practice\\JS\\reactTest\\expensify\\src\\components\\ExpenseListItem.js","statementMap":{"0":{"start":{"line":4,"column":24},"end":{"line":11,"column":1}},"1":{"start":{"line":5,"column":2},"end":{"line":10,"column":8}}},"fnMap":{"0":{"name":"(anonymous_0)","decl":{"start":{"line":4,"column":24},"end":{"line":4,"column":25}},"loc":{"start":{"line":5,"column":2},"end":{"line":10,"column":8}},"line":5}},"branchMap":{},"s":{"0":3,"1":1},"f":{"0":1},"b":{},"_coverageSchema":"332fd63041d2c1bcb487cc26dd0d5f7d97098a6c","hash":"192a53caa4327ba086f732dc723d8921270d3006"}
,"C:\\Users\\GPenev\\Desktop\\Practice\\JS\\reactTest\\expensify\\src\\components\\Header.js": {"path":"C:\\Users\\GPenev\\Desktop\\Practice\\JS\\reactTest\\expensify\\src\\components\\Header.js","statementMap":{"0":{"start":{"line":4,"column":15},"end":{"line":11,"column":1}},"1":{"start":{"line":5,"column":2},"end":{"line":10,"column":11}}},"fnMap":{"0":{"name":"(anonymous_0)","decl":{"start":{"line":4,"column":15},"end":{"line":4,"column":16}},"loc":{"start":{"line":5,"column":2},"end":{"line":10,"column":11}},"line":5}},"branchMap":{},"s":{"0":1,"1":1},"f":{"0":1},"b":{},"_coverageSchema":"332fd63041d2c1bcb487cc26dd0d5f7d97098a6c","hash":"ad529c8f64c1ab7e35f675e57eeb9bb165505466"}
,"C:\\Users\\GPenev\\Desktop\\Practice\\JS\\reactTest\\expensify\\src\\components\\NotFoundPage.js": {"path":"C:\\Users\\GPenev\\Desktop\\Practice\\JS\\reactTest\\expensify\\src\\components\\NotFoundPage.js","statementMap":{"0":{"start":{"line":4,"column":21},"end":{"line":8,"column":1}},"1":{"start":{"line":5,"column":2},"end":{"line":7,"column":8}}},"fnMap":{"0":{"name":"(anonymous_0)","decl":{"start":{"line":4,"column":21},"end":{"line":4,"column":22}},"loc":{"start":{"line":5,"column":2},"end":{"line":7,"column":8}},"line":5}},"branchMap":{},"s":{"0":1,"1":1},"f":{"0":1},"b":{},"_coverageSchema":"332fd63041d2c1bcb487cc26dd0d5f7d97098a6c","hash":"a1a507b0745f81dec70feba921cf277156200aa1"}
,"C:\\Users\\GPenev\\Desktop\\Practice\\JS\\reactTest\\expensify\\src\\reducers\\expenses.js": {"path":"C:\\Users\\GPenev\\Desktop\\Practice\\JS\\reactTest\\expensify\\src\\reducers\\expenses.js","statementMap":{"0":{"start":{"line":1,"column":36},"end":{"line":1,"column":38}},"1":{"start":{"line":2,"column":24},"end":{"line":24,"column":1}},"2":{"start":{"line":3,"column":2},"end":{"line":23,"column":3}},"3":{"start":{"line":5,"column":6},"end":{"line":5,"column":40}},"4":{"start":{"line":7,"column":6},"end":{"line":9,"column":9}},"5":{"start":{"line":8,"column":8},"end":{"line":8,"column":40}},"6":{"start":{"line":11,"column":6},"end":{"line":20,"column":9}},"7":{"start":{"line":12,"column":8},"end":{"line":18,"column":9}},"8":{"start":{"line":13,"column":10},"end":{"line":16,"column":11}},"9":{"start":{"line":17,"column":10},"end":{"line":17,"column":25}},"10":{"start":{"line":19,"column":8},"end":{"line":19,"column":23}},"11":{"start":{"line":22,"column":6},"end":{"line":22,"column":19}}},"fnMap":{"0":{"name":"(anonymous_0)","decl":{"start":{"line":2,"column":24},"end":{"line":2,"column":25}},"loc":{"start":{"line":2,"column":73},"end":{"line":24,"column":1}},"line":2},"1":{"name":"(anonymous_1)","decl":{"start":{"line":7,"column":26},"end":{"line":7,"column":27}},"loc":{"start":{"line":7,"column":37},"end":{"line":9,"column":7}},"line":7},"2":{"name":"(anonymous_2)","decl":{"start":{"line":11,"column":23},"end":{"line":11,"column":24}},"loc":{"start":{"line":11,"column":34},"end":{"line":20,"column":7}},"line":11}},"branchMap":{"0":{"loc":{"start":{"line":2,"column":25},"end":{"line":2,"column":60}},"type":"default-arg","locations":[{"start":{"line":2,"column":33},"end":{"line":2,"column":60}}],"line":2},"1":{"loc":{"start":{"line":3,"column":2},"end":{"line":23,"column":3}},"type":"switch","locations":[{"start":{"line":4,"column":4},"end":{"line":5,"column":40}},{"start":{"line":6,"column":4},"end":{"line":9,"column":9}},{"start":{"line":10,"column":4},"end":{"line":20,"column":9}},{"start":{"line":21,"column":4},"end":{"line":22,"column":19}}],"line":3},"2":{"loc":{"start":{"line":12,"column":8},"end":{"line":18,"column":9}},"type":"if","locations":[{"start":{"line":12,"column":8},"end":{"line":18,"column":9}},{"start":{"line":12,"column":8},"end":{"line":18,"column":9}}],"line":12}},"s":{"0":1,"1":1,"2":6,"3":1,"4":2,"5":6,"6":2,"7":6,"8":1,"9":0,"10":5,"11":1},"f":{"0":6,"1":6,"2":6},"b":{"0":[1],"1":[1,2,2,1],"2":[1,5]},"_coverageSchema":"332fd63041d2c1bcb487cc26dd0d5f7d97098a6c","hash":"1c224718073b74a96ac08a91f975adea025b622e"}
,"C:\\Users\\GPenev\\Desktop\\Practice\\JS\\reactTest\\expensify\\src\\reducers\\filters.js": {"path":"C:\\Users\\GPenev\\Desktop\\Practice\\JS\\reactTest\\expensify\\src\\reducers\\filters.js","statementMap":{"0":{"start":{"line":3,"column":35},"end":{"line":8,"column":1}},"1":{"start":{"line":9,"column":23},"end":{"line":39,"column":1}},"2":{"start":{"line":10,"column":2},"end":{"line":38,"column":3}},"3":{"start":{"line":12,"column":6},"end":{"line":15,"column":8}},"4":{"start":{"line":17,"column":6},"end":{"line":20,"column":8}},"5":{"start":{"line":22,"column":6},"end":{"line":25,"column":8}},"6":{"start":{"line":27,"column":6},"end":{"line":30,"column":8}},"7":{"start":{"line":32,"column":6},"end":{"line":35,"column":8}},"8":{"start":{"line":37,"column":6},"end":{"line":37,"column":19}}},"fnMap":{"0":{"name":"(anonymous_0)","decl":{"start":{"line":9,"column":23},"end":{"line":9,"column":24}},"loc":{"start":{"line":9,"column":71},"end":{"line":39,"column":1}},"line":9}},"branchMap":{"0":{"loc":{"start":{"line":9,"column":24},"end":{"line":9,"column":58}},"type":"default-arg","locations":[{"start":{"line":9,"column":32},"end":{"line":9,"column":58}}],"line":9},"1":{"loc":{"start":{"line":10,"column":2},"end":{"line":38,"column":3}},"type":"switch","locations":[{"start":{"line":11,"column":4},"end":{"line":15,"column":8}},{"start":{"line":16,"column":4},"end":{"line":20,"column":8}},{"start":{"line":21,"column":4},"end":{"line":25,"column":8}},{"start":{"line":26,"column":4},"end":{"line":30,"column":8}},{"start":{"line":31,"column":4},"end":{"line":35,"column":8}},{"start":{"line":36,"column":4},"end":{"line":37,"column":19}}],"line":10}},"s":{"0":1,"1":1,"2":6,"3":1,"4":1,"5":1,"6":1,"7":1,"8":1},"f":{"0":6},"b":{"0":[5],"1":[1,1,1,1,1,1]},"_coverageSchema":"332fd63041d2c1bcb487cc26dd0d5f7d97098a6c","hash":"894754bd4c337ebe3e75a1c528ca483d4d567b93"}
,"C:\\Users\\GPenev\\Desktop\\Practice\\JS\\reactTest\\expensify\\src\\selectors\\expenses.js": {"path":"C:\\Users\\GPenev\\Desktop\\Practice\\JS\\reactTest\\expensify\\src\\selectors\\expenses.js","statementMap":{"0":{"start":{"line":3,"column":27},"end":{"line":18,"column":1}},"1":{"start":{"line":4,"column":2},"end":{"line":17,"column":5}},"2":{"start":{"line":5,"column":28},"end":{"line":5,"column":53}},"3":{"start":{"line":6,"column":27},"end":{"line":6,"column":94}},"4":{"start":{"line":7,"column":25},"end":{"line":7,"column":87}},"5":{"start":{"line":8,"column":22},"end":{"line":8,"column":84}},"6":{"start":{"line":10,"column":4},"end":{"line":10,"column":55}},"7":{"start":{"line":12,"column":4},"end":{"line":16,"column":5}},"8":{"start":{"line":13,"column":6},"end":{"line":13,"column":48}},"9":{"start":{"line":14,"column":10},"end":{"line":16,"column":5}},"10":{"start":{"line":15,"column":6},"end":{"line":15,"column":42}}},"fnMap":{"0":{"name":"(anonymous_0)","decl":{"start":{"line":3,"column":27},"end":{"line":3,"column":28}},"loc":{"start":{"line":3,"column":78},"end":{"line":18,"column":1}},"line":3},"1":{"name":"(anonymous_1)","decl":{"start":{"line":4,"column":25},"end":{"line":4,"column":26}},"loc":{"start":{"line":4,"column":36},"end":{"line":11,"column":3}},"line":4},"2":{"name":"(anonymous_2)","decl":{"start":{"line":11,"column":10},"end":{"line":11,"column":11}},"loc":{"start":{"line":11,"column":20},"end":{"line":17,"column":3}},"line":11}},"branchMap":{"0":{"loc":{"start":{"line":6,"column":27},"end":{"line":6,"column":94}},"type":"cond-expr","locations":[{"start":{"line":6,"column":39},"end":{"line":6,"column":87}},{"start":{"line":6,"column":90},"end":{"line":6,"column":94}}],"line":6},"1":{"loc":{"start":{"line":7,"column":25},"end":{"line":7,"column":87}},"type":"cond-expr","locations":[{"start":{"line":7,"column":35},"end":{"line":7,"column":80}},{"start":{"line":7,"column":83},"end":{"line":7,"column":87}}],"line":7},"2":{"loc":{"start":{"line":10,"column":11},"end":{"line":10,"column":54}},"type":"binary-expr","locations":[{"start":{"line":10,"column":11},"end":{"line":10,"column":25}},{"start":{"line":10,"column":29},"end":{"line":10,"column":41}},{"start":{"line":10,"column":45},"end":{"line":10,"column":54}}],"line":10},"3":{"loc":{"start":{"line":12,"column":4},"end":{"line":16,"column":5}},"type":"if","locations":[{"start":{"line":12,"column":4},"end":{"line":16,"column":5}},{"start":{"line":12,"column":4},"end":{"line":16,"column":5}}],"line":12},"4":{"loc":{"start":{"line":13,"column":13},"end":{"line":13,"column":47}},"type":"cond-expr","locations":[{"start":{"line":13,"column":41},"end":{"line":13,"column":42}},{"start":{"line":13,"column":45},"end":{"line":13,"column":47}}],"line":13},"5":{"loc":{"start":{"line":14,"column":10},"end":{"line":16,"column":5}},"type":"if","locations":[{"start":{"line":14,"column":10},"end":{"line":16,"column":5}},{"start":{"line":14,"column":10},"end":{"line":16,"column":5}}],"line":14},"6":{"loc":{"start":{"line":15,"column":13},"end":{"line":15,"column":41}},"type":"cond-expr","locations":[{"start":{"line":15,"column":35},"end":{"line":15,"column":36}},{"start":{"line":15,"column":39},"end":{"line":15,"column":41}}],"line":15}},"s":{"0":3,"1":5,"2":15,"3":15,"4":15,"5":15,"6":15,"7":9,"8":6,"9":3,"10":3},"f":{"0":5,"1":15,"2":9},"b":{"0":[3,12],"1":[3,12],"2":[15,14,13],"3":[6,3],"4":[6,0],"5":[3,0],"6":[3,0]},"_coverageSchema":"332fd63041d2c1bcb487cc26dd0d5f7d97098a6c","hash":"72b2da28374eb7f0ea589de51ee0f9fef2b61f55"}
,"C:\\Users\\GPenev\\Desktop\\Practice\\JS\\reactTest\\expensify\\src\\tests\\setupTests.js": {"path":"C:\\Users\\GPenev\\Desktop\\Practice\\JS\\reactTest\\expensify\\src\\tests\\setupTests.js","statementMap":{"0":{"start":{"line":4,"column":0},"end":{"line":6,"column":3}}},"fnMap":{},"branchMap":{},"s":{"0":12},"f":{},"b":{},"_coverageSchema":"332fd63041d2c1bcb487cc26dd0d5f7d97098a6c","hash":"f4cd4209ed2a7ab8cd8a8f8453cbbe904a496eed"}
,"C:\\Users\\GPenev\\Desktop\\Practice\\JS\\reactTest\\expensify\\src\\tests\\fixtures\\expenses.js": {"path":"C:\\Users\\GPenev\\Desktop\\Practice\\JS\\reactTest\\expensify\\src\\tests\\fixtures\\expenses.js","statementMap":{"0":{"start":{"line":3,"column":17},"end":{"line":21,"column":2}}},"fnMap":{},"branchMap":{},"s":{"0":8},"f":{},"b":{},"_coverageSchema":"332fd63041d2c1bcb487cc26dd0d5f7d97098a6c","hash":"5b8480c61b2a39573a3c6e66c3393adfc89bed2d"}
}
