TN:
SF:C:\Users\GPenev\Desktop\Practice\JS\reactTest\expensify\src\actions\expenses.js
FN:5,(anonymous_0)
FN:24,(anonymous_1)
FN:30,(anonymous_2)
FNF:3
FNH:3
FNDA:2,(anonymous_0)
FNDA:1,(anonymous_1)
FNDA:1,(anonymous_2)
DA:5,2
DA:12,2
DA:24,2
DA:30,2
LF:4
LH:4
BRDA:6,0,0,1
BRDA:7,1,0,1
BRDA:8,2,0,1
BRDA:9,3,0,1
BRDA:10,4,0,1
BRF:5
BRH:5
end_of_record
TN:
SF:C:\Users\GPenev\Desktop\Practice\JS\reactTest\expensify\src\actions\filters.js
FN:2,(anonymous_0)
FN:8,(anonymous_1)
FN:13,(anonymous_2)
FN:18,(anonymous_3)
FN:24,(anonymous_4)
FNF:5
FNH:5
FNDA:2,(anonymous_0)
FNDA:1,(anonymous_1)
FNDA:1,(anonymous_2)
FNDA:1,(anonymous_3)
FNDA:1,(anonymous_4)
DA:2,2
DA:8,2
DA:13,2
DA:18,2
DA:24,2
LF:5
LH:5
BRDA:2,0,0,1
BRF:1
BRH:1
end_of_record
TN:
SF:C:\Users\GPenev\Desktop\Practice\JS\reactTest\expensify\src\components\AddExpensePage.js
FN:8,(anonymous_0)
FN:12,(anonymous_1)
FN:24,(anonymous_2)
FN:25,(anonymous_3)
FNF:4
FNH:2
FNDA:1,(anonymous_0)
FNDA:2,(anonymous_1)
FNDA:0,(anonymous_2)
FNDA:0,(anonymous_3)
DA:9,1
DA:10,1
DA:13,2
DA:24,1
DA:25,0
LF:5
LH:4
BRF:0
BRH:0
end_of_record
TN:
SF:C:\Users\GPenev\Desktop\Practice\JS\reactTest\expensify\src\components\ExpenseDashboardPage.js
FN:6,(anonymous_0)
FNF:1
FNH:1
FNDA:1,(anonymous_0)
DA:6,1
DA:7,1
LF:2
LH:2
BRF:0
BRH:0
end_of_record
TN:
SF:C:\Users\GPenev\Desktop\Practice\JS\reactTest\expensify\src\components\ExpenseForm.js
FN:5,(anonymous_0)
FN:15,(anonymous_1)
FN:17,(anonymous_2)
FN:19,(anonymous_3)
FN:21,(anonymous_4)
FN:23,(anonymous_5)
FN:26,(anonymous_6)
FN:29,(anonymous_7)
FN:32,(anonymous_8)
FN:34,(anonymous_9)
FN:43,(anonymous_10)
FNF:11
FNH:11
FNDA:8,(anonymous_0)
FNDA:1,(anonymous_1)
FNDA:1,(anonymous_2)
FNDA:1,(anonymous_3)
FNDA:1,(anonymous_4)
FNDA:2,(anonymous_5)
FNDA:1,(anonymous_6)
FNDA:2,(anonymous_7)
FNDA:1,(anonymous_8)
FNDA:1,(anonymous_9)
FNDA:13,(anonymous_10)
DA:6,8
DA:7,8
DA:16,1
DA:17,1
DA:20,1
DA:21,1
DA:24,2
DA:25,2
DA:26,1
DA:30,2
DA:31,2
DA:32,1
DA:34,1
DA:35,1
DA:44,13
LF:15
LH:15
BRDA:8,0,0,2
BRDA:8,0,1,6
BRDA:9,1,0,2
BRDA:9,1,1,6
BRDA:10,2,0,2
BRDA:10,2,1,6
BRDA:11,3,0,2
BRDA:11,3,1,6
BRDA:25,4,0,1
BRDA:25,4,1,1
BRDA:25,5,0,2
BRDA:25,5,1,2
BRDA:31,6,0,1
BRDA:31,6,1,1
BRDA:31,7,0,2
BRDA:31,7,1,1
BRDA:46,8,0,13
BRDA:46,8,1,1
BRDA:67,9,0,3
BRDA:67,9,1,10
BRF:20
BRH:20
end_of_record
TN:
SF:C:\Users\GPenev\Desktop\Practice\JS\reactTest\expensify\src\components\ExpenseList.js
FN:7,(anonymous_0)
FN:14,(anonymous_1)
FN:20,(anonymous_2)
FNF:3
FNH:2
FNDA:2,(anonymous_0)
FNDA:3,(anonymous_1)
FNDA:0,(anonymous_2)
DA:7,2
DA:8,2
DA:14,3
DA:20,2
DA:21,0
LF:5
LH:4
BRDA:11,0,0,1
BRDA:11,0,1,1
BRF:2
BRH:2
end_of_record
TN:
SF:C:\Users\GPenev\Desktop\Practice\JS\reactTest\expensify\src\components\ExpenseListFilters.js
FN:6,(anonymous_0)
FN:8,(anonymous_1)
FN:11,(anonymous_2)
FN:25,(anonymous_3)
FNF:4
FNH:0
FNDA:0,(anonymous_0)
FNDA:0,(anonymous_1)
FNDA:0,(anonymous_2)
FNDA:0,(anonymous_3)
DA:6,1
DA:7,0
DA:9,0
DA:12,0
DA:13,0
DA:14,0
DA:15,0
DA:16,0
DA:25,1
DA:26,0
LF:10
LH:2
BRDA:13,0,0,0
BRDA:13,0,1,0
BRDA:15,1,0,0
BRDA:15,1,1,0
BRF:4
BRH:0
end_of_record
TN:
SF:C:\Users\GPenev\Desktop\Practice\JS\reactTest\expensify\src\components\ExpenseListItem.js
FN:4,(anonymous_0)
FNF:1
FNH:1
FNDA:1,(anonymous_0)
DA:4,3
DA:5,1
LF:2
LH:2
BRF:0
BRH:0
end_of_record
TN:
SF:C:\Users\GPenev\Desktop\Practice\JS\reactTest\expensify\src\components\Header.js
FN:4,(anonymous_0)
FNF:1
FNH:1
FNDA:1,(anonymous_0)
DA:4,1
DA:5,1
LF:2
LH:2
BRF:0
BRH:0
end_of_record
TN:
SF:C:\Users\GPenev\Desktop\Practice\JS\reactTest\expensify\src\components\NotFoundPage.js
FN:4,(anonymous_0)
FNF:1
FNH:1
FNDA:1,(anonymous_0)
DA:4,1
DA:5,1
LF:2
LH:2
BRF:0
BRH:0
end_of_record
TN:
SF:C:\Users\GPenev\Desktop\Practice\JS\reactTest\expensify\src\reducers\expenses.js
FN:2,(anonymous_0)
FN:7,(anonymous_1)
FN:11,(anonymous_2)
FNF:3
FNH:3
FNDA:6,(anonymous_0)
FNDA:6,(anonymous_1)
FNDA:6,(anonymous_2)
DA:1,1
DA:2,1
DA:3,6
DA:5,1
DA:7,2
DA:8,6
DA:11,2
DA:12,6
DA:13,1
DA:17,0
DA:19,5
DA:22,1
LF:12
LH:11
BRDA:2,0,0,1
BRDA:3,1,0,1
BRDA:3,1,1,2
BRDA:3,1,2,2
BRDA:3,1,3,1
BRDA:12,2,0,1
BRDA:12,2,1,5
BRF:7
BRH:7
end_of_record
TN:
SF:C:\Users\GPenev\Desktop\Practice\JS\reactTest\expensify\src\reducers\filters.js
FN:9,(anonymous_0)
FNF:1
FNH:1
FNDA:6,(anonymous_0)
DA:3,1
DA:9,1
DA:10,6
DA:12,1
DA:17,1
DA:22,1
DA:27,1
DA:32,1
DA:37,1
LF:9
LH:9
BRDA:9,0,0,5
BRDA:10,1,0,1
BRDA:10,1,1,1
BRDA:10,1,2,1
BRDA:10,1,3,1
BRDA:10,1,4,1
BRDA:10,1,5,1
BRF:7
BRH:7
end_of_record
TN:
SF:C:\Users\GPenev\Desktop\Practice\JS\reactTest\expensify\src\selectors\expenses.js
FN:3,(anonymous_0)
FN:4,(anonymous_1)
FN:11,(anonymous_2)
FNF:3
FNH:3
FNDA:5,(anonymous_0)
FNDA:15,(anonymous_1)
FNDA:9,(anonymous_2)
DA:3,3
DA:4,5
DA:5,15
DA:6,15
DA:7,15
DA:8,15
DA:10,15
DA:12,9
DA:13,6
DA:14,3
DA:15,3
LF:11
LH:11
BRDA:5,0,0,10
BRDA:5,0,1,5
BRDA:6,1,0,3
BRDA:6,1,1,12
BRDA:7,2,0,3
BRDA:7,2,1,12
BRDA:10,3,0,15
BRDA:10,3,1,14
BRDA:10,3,2,13
BRDA:12,4,0,6
BRDA:12,4,1,3
BRDA:13,5,0,6
BRDA:13,5,1,0
BRDA:14,6,0,3
BRDA:14,6,1,0
BRDA:15,7,0,3
BRDA:15,7,1,0
BRF:17
BRH:14
end_of_record
TN:
SF:C:\Users\GPenev\Desktop\Practice\JS\reactTest\expensify\src\tests\setupTests.js
FNF:0
FNH:0
DA:4,12
LF:1
LH:1
BRF:0
BRH:0
end_of_record
TN:
SF:C:\Users\GPenev\Desktop\Practice\JS\reactTest\expensify\src\tests\fixtures\expenses.js
FNF:0
FNH:0
DA:3,8
LF:1
LH:1
BRF:0
BRH:0
end_of_record
